 command line:
   D:\COA Assignments and codes\Demux_Eight_to_One\one_To_Eight_Demux_wave_tbxr.exe
     -intstyle  ise
     -tclbatch  genExpectedResults.cmd

Fri Jan 07 11:40:37 2022

Total Line Count = 868

 Elaboration time 0 sec.

 Estimate current memory usage 70.8772 Meg. 

 Total signals 24
 Total nets 12
 Total signal drivers 11
 Total blocks 7
 Total primitive blocks 1
 Total processes 3
isim batch on 
run all 
Simulator is doing circuit initialization process.
Finished circuit initialization process.
quit 

 Simulation time 0 sec.

 Estimate current memory usage 79.4952 Meg. 

Fri Jan 07 11:40:37 2022

