 command line:
   D:\COA Assignments and codes\Half_Substractor\Half_Substractor_WaveForm_tbxr.exe
     -intstyle  ise
     -tclbatch  genExpectedResults.cmd

Wed Jan 05 19:07:00 2022

Total Line Count = 736

 Elaboration time 0 sec.

 Estimate current memory usage 70.2095 Meg. 

 Total signals 8
 Total nets 4
 Total signal drivers 4
 Total blocks 7
 Total primitive blocks 1
 Total processes 4
isim batch on 
run all 
Simulator is doing circuit initialization process.
Finished circuit initialization process.
quit 

 Simulation time 0 sec.

 Estimate current memory usage 78.8275 Meg. 

Wed Jan 05 19:07:00 2022

