 command line:
   D:\COA Assignments and codes\Mux_8X1_Assignment\Mux_8X1_TestBench_tbxr.exe
     -intstyle  ise
     -tclbatch  genExpectedResults.cmd

Sat Jan 08 02:16:28 2022

Total Line Count = 744

 Elaboration time 0 sec.

 Estimate current memory usage 70.2095 Meg. 

 Total signals 24
 Total nets 12
 Total signal drivers 4
 Total blocks 7
 Total primitive blocks 1
 Total processes 3
isim batch on 
run all 
Simulator is doing circuit initialization process.
Finished circuit initialization process.
quit 

 Simulation time 0 sec.

 Estimate current memory usage 78.8275 Meg. 

Sat Jan 08 02:16:28 2022

