 command line:
   D:\COA Assignments and codes\Mux_2X1_Assignment\Mux_2X1_TestBench_tbxr.exe
     -intstyle  ise
     -tclbatch  genExpectedResults.cmd

Fri Jan 07 12:06:26 2022

Total Line Count = 718

 Elaboration time 0 sec.

 Estimate current memory usage 70.8567 Meg. 

 Total signals 8
 Total nets 4
 Total signal drivers 4
 Total blocks 7
 Total primitive blocks 1
 Total processes 3
isim batch on 
run all 
Simulator is doing circuit initialization process.
Finished circuit initialization process.
quit 

 Simulation time 0 sec.

 Estimate current memory usage 79.4747 Meg. 

Fri Jan 07 12:06:26 2022

