 command line:
   D:\COA Assignments and codes\Half_adder\Half_Adder_testbench_tbxr.exe
     -intstyle  ise
     -tclbatch  genExpectedResults.cmd

Wed Jan 05 15:53:53 2022

Total Line Count = 736

 Elaboration time 0.015625 sec.

 Estimate current memory usage 70.8608 Meg. 

 Total signals 8
 Total nets 4
 Total signal drivers 4
 Total blocks 7
 Total primitive blocks 1
 Total processes 4
isim batch on 
run all 
Simulator is doing circuit initialization process.
Finished circuit initialization process.
quit 

 Simulation time 0.015625 sec.

 Estimate current memory usage 79.4788 Meg. 

Wed Jan 05 15:53:53 2022

