 command line:
   ./Mux_4X1_VHDL_isim_beh.exe
     -intstyle  ise
     -ipchost  localhost
     -ipcport  56749

Fri Jan 07 11:55:18 2022

Total Line Count = 578

 Elaboration time 0 sec.

 Estimate current memory usage 73.4822 Meg. 

 Total signals 7
 Total nets 7
 Total signal drivers 1
 Total blocks 4
 Total primitive blocks 1
 Total processes 1
ntrace select -o on -m / -l this 
ntrace start 
run 1000 ns 
Simulator is doing circuit initialization process.
Finished circuit initialization process.
