 command line:
   D:\COA Assignments and codes\Demux_1X2_Assignment\Demux_1X2_Demux_tbxr.exe
     -intstyle  ise
     -tclbatch  genExpectedResults.cmd

Sun Jan 09 00:12:11 2022

Total Line Count = 741

 Elaboration time 0 sec.

 Estimate current memory usage 71.3236 Meg. 

 Total signals 8
 Total nets 4
 Total signal drivers 4
 Total blocks 7
 Total primitive blocks 1
 Total processes 3
isim batch on 
run all 
Simulator is doing circuit initialization process.
Finished circuit initialization process.
quit 

 Simulation time 0 sec.

 Estimate current memory usage 79.9416 Meg. 

Sun Jan 09 00:12:11 2022

