 command line:
   D:\COA Assignments and codes\Demux_8X1_withTable\Demux_1X8_TestBench_tbxr.exe
     -intstyle  ise
     -tclbatch  genExpectedResults.cmd

Fri Jan 07 12:19:47 2022

Total Line Count = 926

 Elaboration time 0.03125 sec.

 Estimate current memory usage 71.1393 Meg. 

 Total signals 24
 Total nets 12
 Total signal drivers 11
 Total blocks 7
 Total primitive blocks 1
 Total processes 3
isim batch on 
run all 
Simulator is doing circuit initialization process.
Finished circuit initialization process.
quit 

 Simulation time 0.03125 sec.

 Estimate current memory usage 79.7573 Meg. 

Fri Jan 07 12:19:47 2022

