 command line:
   D:\COA Assignments and codes\Full_substractor\Full_substractor_Wave_tbxr.exe
     -intstyle  ise
     -tclbatch  genExpectedResults.cmd

Wed Jan 05 19:16:30 2022

Total Line Count = 739

 Elaboration time 0 sec.

 Estimate current memory usage 70.8649 Meg. 

 Total signals 10
 Total nets 5
 Total signal drivers 5
 Total blocks 7
 Total primitive blocks 1
 Total processes 4
isim batch on 
run all 
Simulator is doing circuit initialization process.
Finished circuit initialization process.
quit 

 Simulation time 0.015625 sec.

 Estimate current memory usage 79.4829 Meg. 

Wed Jan 05 19:16:30 2022

