 command line:
   D:\COA Assignments and codes\Full_Adder\Full_Adder_TestBench_tbxr.exe
     -intstyle  ise
     -tclbatch  genExpectedResults.cmd

Thu Jan 06 17:56:42 2022

Total Line Count = 739

 Elaboration time 0 sec.

 Estimate current memory usage 67.8502 Meg. 

 Total signals 10
 Total nets 5
 Total signal drivers 5
 Total blocks 7
 Total primitive blocks 1
 Total processes 4
isim batch on 
run all 
Simulator is doing circuit initialization process.
Finished circuit initialization process.
quit 

 Simulation time 0 sec.

 Estimate current memory usage 76.4682 Meg. 

Thu Jan 06 17:56:42 2022

